<?xml version="1.0" encoding="UTF-8" ?>
<testsuite failures="0" time="0.051" errors="0" skipped="0" tests="11" name="cfranc.ilc.TestAlexVauthier">
  <properties>
    <property name="java.runtime.name" value="Java(TM) SE Runtime Environment"/>
    <property name="sun.boot.library.path" value="C:\Program Files\Java\jdk1.7.0_60\jre\bin"/>
    <property name="java.vm.version" value="24.60-b09"/>
    <property name="java.vm.vendor" value="Oracle Corporation"/>
    <property name="java.vendor.url" value="http://java.oracle.com/"/>
    <property name="path.separator" value=";"/>
    <property name="guice.disable.misplaced.annotation.check" value="true"/>
    <property name="java.vm.name" value="Java HotSpot(TM) 64-Bit Server VM"/>
    <property name="file.encoding.pkg" value="sun.io"/>
    <property name="user.script" value=""/>
    <property name="user.country" value="FR"/>
    <property name="sun.java.launcher" value="SUN_STANDARD"/>
    <property name="sun.os.patch.level" value="Service Pack 1"/>
    <property name="test" value="cfranc.ilc.TestAlexVauthier"/>
    <property name="java.vm.specification.name" value="Java Virtual Machine Specification"/>
    <property name="user.dir" value="C:\Users\av395701\Downloads\ilc.markov-master"/>
    <property name="java.runtime.version" value="1.7.0_60-b19"/>
    <property name="java.awt.graphicsenv" value="sun.awt.Win32GraphicsEnvironment"/>
    <property name="java.endorsed.dirs" value="C:\Program Files\Java\jdk1.7.0_60\jre\lib\endorsed"/>
    <property name="os.arch" value="amd64"/>
    <property name="java.io.tmpdir" value="C:\Users\av395701\AppData\Local\Temp\"/>
    <property name="line.separator" value="
"/>
    <property name="java.vm.specification.vendor" value="Oracle Corporation"/>
    <property name="user.variant" value=""/>
    <property name="os.name" value="Windows 7"/>
    <property name="maven.ext.class.path" value="C:\Program Files\NetBeans 8.0\java\maven-nblib\netbeans-eventspy.jar;C:\Program Files\NetBeans 8.0\java\maven-nblib\netbeans-eventspy.jar;C:\Program Files\NetBeans 8.0\java\maven-nblib\netbeans-eventspy.jar;C:\Program Files\NetBeans 8.0\java\maven-nblib\netbeans-eventspy.jar;C:\Program Files\NetBeans 8.0\java\maven-nblib\netbeans-eventspy.jar;C:\Program Files\NetBeans 8.0\java\maven-nblib\netbeans-eventspy.jar;C:\Program Files\NetBeans 8.0\java\maven-nblib\netbeans-eventspy.jar;C:\Program Files\NetBeans 8.0\java\maven-nblib\netbeans-eventspy.jar;C:\Program Files\NetBeans 8.0\java\maven-nblib\netbeans-eventspy.jar;C:\Program Files\NetBeans 8.0\java\maven-nblib\netbeans-eventspy.jar;C:\Program Files\NetBeans 8.0\java\maven-nblib\netbeans-eventspy.jar;C:\Program Files\NetBeans 8.0\java\maven-nblib\netbeans-eventspy.jar;C:\Program Files\NetBeans 8.0\java\maven-nblib\netbeans-eventspy.jar;C:\Program Files\NetBeans 8.0\java\maven-nblib\netbeans-eventspy.jar"/>
    <property name="classworlds.conf" value="C:\Program Files\NetBeans 8.0\java\maven\bin\m2.conf"/>
    <property name="netbeansProjectMappings" value=""/>
    <property name="sun.jnu.encoding" value="Cp1252"/>
    <property name="java.library.path" value="C:\Program Files\Java\jdk1.7.0_60\bin;C:\Windows\Sun\Java\bin;C:\Windows\system32;C:\Windows;C:\oraclexe\app\oracle\product\11.2.0\server\bin;;C:\Program Files (x86)\Intel\iCLS Client\;C:\Program Files\Intel\iCLS Client\;C:\Program Files (x86)\EasyPHP-DevServer-14.1VC9\binaries\php\php_runningversion;C:\PROGRA~1\PTC\MKSTOO~1\bin64;C:\PROGRA~1\PTC\MKSTOO~1\bin;C:\PROGRA~1\PTC\MKSTOO~1\bin\X11;C:\PROGRA~1\PTC\MKSTOO~1\mksnt;C:\Windows\system32;C:\Windows;C:\Windows\System32\Wbem;C:\Windows\System32\WindowsPowerShell\v1.0\;C:\Program Files\TortoiseSVN\bin;C:\Program Files\MATLAB\R2009a\bin;C:\Program Files\MATLAB\R2009a\bin\win64;C:\Program Files (x86)\Microsoft SQL Server\90\Tools\binn\;C:\Program Files\Microsoft SQL Server\110\Tools\Binn\;C:\Cast3M\PCW_14\bin;C:\Program Files\Intel\Intel(R) Management Engine Components\DAL;C:\Program Files\Intel\Intel(R) Management Engine Components\IPT;C:\Program Files (x86)\Intel\Intel(R) Management Engine Components\DAL;C:\Program Files (x86)\Intel\Intel(R) Management Engine Components\IPT;C:\Program Files\dotnet\;C:\Program Files\Microsoft SQL Server\130\Tools\Binn\;."/>
    <property name="java.specification.name" value="Java Platform API Specification"/>
    <property name="java.class.version" value="51.0"/>
    <property name="sun.management.compiler" value="HotSpot 64-Bit Tiered Compilers"/>
    <property name="os.version" value="6.1"/>
    <property name="user.home" value="C:\Users\av395701"/>
    <property name="user.timezone" value="Europe/Paris"/>
    <property name="java.awt.printerjob" value="sun.awt.windows.WPrinterJob"/>
    <property name="java.specification.version" value="1.7"/>
    <property name="file.encoding" value="Cp1252"/>
    <property name="user.name" value="av395701"/>
    <property name="java.class.path" value="C:\Program Files\NetBeans 8.0\java\maven\boot\plexus-classworlds-2.4.jar"/>
    <property name="java.vm.specification.version" value="1.7"/>
    <property name="sun.arch.data.model" value="64"/>
    <property name="java.home" value="C:\Program Files\Java\jdk1.7.0_60\jre"/>
    <property name="sun.java.command" value="org.codehaus.plexus.classworlds.launcher.Launcher -Dtest=cfranc.ilc.TestAlexVauthier -DnetbeansProjectMappings= -Dmaven.ext.class.path=C:\Program Files\NetBeans 8.0\java\maven-nblib\netbeans-eventspy.jar;C:\Program Files\NetBeans 8.0\java\maven-nblib\netbeans-eventspy.jar;C:\Program Files\NetBeans 8.0\java\maven-nblib\netbeans-eventspy.jar;C:\Program Files\NetBeans 8.0\java\maven-nblib\netbeans-eventspy.jar;C:\Program Files\NetBeans 8.0\java\maven-nblib\netbeans-eventspy.jar;C:\Program Files\NetBeans 8.0\java\maven-nblib\netbeans-eventspy.jar;C:\Program Files\NetBeans 8.0\java\maven-nblib\netbeans-eventspy.jar;C:\Program Files\NetBeans 8.0\java\maven-nblib\netbeans-eventspy.jar;C:\Program Files\NetBeans 8.0\java\maven-nblib\netbeans-eventspy.jar;C:\Program Files\NetBeans 8.0\java\maven-nblib\netbeans-eventspy.jar;C:\Program Files\NetBeans 8.0\java\maven-nblib\netbeans-eventspy.jar;C:\Program Files\NetBeans 8.0\java\maven-nblib\netbeans-eventspy.jar;C:\Program Files\NetBeans 8.0\java\maven-nblib\netbeans-eventspy.jar;C:\Program Files\NetBeans 8.0\java\maven-nblib\netbeans-eventspy.jar surefire:test"/>
    <property name="java.specification.vendor" value="Oracle Corporation"/>
    <property name="user.language" value="fr"/>
    <property name="awt.toolkit" value="sun.awt.windows.WToolkit"/>
    <property name="java.vm.info" value="mixed mode"/>
    <property name="java.version" value="1.7.0_60"/>
    <property name="java.ext.dirs" value="C:\Program Files\Java\jdk1.7.0_60\jre\lib\ext;C:\Windows\Sun\Java\lib\ext"/>
    <property name="sun.boot.class.path" value="C:\Program Files\Java\jdk1.7.0_60\jre\lib\resources.jar;C:\Program Files\Java\jdk1.7.0_60\jre\lib\rt.jar;C:\Program Files\Java\jdk1.7.0_60\jre\lib\sunrsasign.jar;C:\Program Files\Java\jdk1.7.0_60\jre\lib\jsse.jar;C:\Program Files\Java\jdk1.7.0_60\jre\lib\jce.jar;C:\Program Files\Java\jdk1.7.0_60\jre\lib\charsets.jar;C:\Program Files\Java\jdk1.7.0_60\jre\lib\jfr.jar;C:\Program Files\Java\jdk1.7.0_60\jre\classes"/>
    <property name="java.vendor" value="Oracle Corporation"/>
    <property name="maven.home" value="C:\Program Files\NetBeans 8.0\java\maven"/>
    <property name="file.separator" value="\"/>
    <property name="java.vendor.url.bug" value="http://bugreport.sun.com/bugreport/"/>
    <property name="sun.cpu.endian" value="little"/>
    <property name="sun.io.unicode.encoding" value="UnicodeLittle"/>
    <property name="sun.desktop" value="windows"/>
    <property name="sun.cpu.isalist" value="amd64"/>
  </properties>
  <testcase time="0.002" classname="cfranc.ilc.TestAlexVauthier" name="contains_include_1"/>
  <testcase time="0" classname="cfranc.ilc.TestAlexVauthier" name="getTheWord_av"/>
  <testcase time="0" classname="cfranc.ilc.TestAlexVauthier" name="union_SameWord_10"/>
  <testcase time="0" classname="cfranc.ilc.TestAlexVauthier" name="contains_different_0"/>
  <testcase time="0.001" classname="cfranc.ilc.TestAlexVauthier" name="getSimilarity_2SimpleWords_26"/>
  <testcase time="0.001" classname="cfranc.ilc.TestAlexVauthier" name="getSimilarity_SameWord_100"/>
  <testcase time="0" classname="cfranc.ilc.TestAlexVauthier" name="union_2SimpleWords_15"/>
  <testcase time="0" classname="cfranc.ilc.TestAlexVauthier" name="processString_SimpleWord_av"/>
  <testcase time="0" classname="cfranc.ilc.TestAlexVauthier" name="common_2SimpleWords_5"/>
  <testcase time="0" classname="cfranc.ilc.TestAlexVauthier" name="common_SameWord_12"/>
  <testcase time="0.001" classname="cfranc.ilc.TestAlexVauthier" name="getTheCount_2"/>
</testsuite>